<?xml version="1.0" encoding="UTF-8"?>
<!-- Generated by org.testng.reporters.JUnitReportReporter -->
<testsuite hostname="LAPTOP-A39R353N" failures="0" tests="2" name="com.entrata.testcases.Test1" time="19.839" errors="0" timestamp="2025-06-07T19:28:26 IST" skipped="0">
  <testcase classname="com.entrata.testcases.Test1" name="test1" time="0.102"/>
  <testcase classname="com.entrata.testcases.Test1" name="testPageNavigation" time="19.737"/>
</testsuite> <!-- com.entrata.testcases.Test1 -->
