<?xml version="1.0" encoding="UTF-8"?>
<!-- Generated by org.testng.reporters.JUnitReportReporter -->
<testsuite hostname="LAPTOP-A39R353N" failures="0" tests="2" name="com.entrata.testcases.Test2" time="13.713" errors="0" timestamp="2025-06-07T20:31:55 IST" skipped="0">
  <testcase classname="com.entrata.testcases.Test2" name="testForinteractingWithDropDown" time="6.185"/>
  <testcase classname="com.entrata.testcases.Test2" name="testForinteractingwithInputBox" time="7.528"/>
</testsuite> <!-- com.entrata.testcases.Test2 -->
