<?xml version="1.0" encoding="UTF-8"?>
<!-- Generated by org.testng.reporters.JUnitReportReporter -->
<testsuite hostname="LAPTOP-A39R353N" failures="0" tests="1" name="com.entrata.testcases.TEst1" time="10.038" errors="0" timestamp="2025-06-07T13:35:04 IST" skipped="0">
  <testcase classname="com.entrata.testcases.TEst1" name="test1" time="10.038"/>
</testsuite> <!-- com.entrata.testcases.TEst1 -->
