<?xml version="1.0" encoding="UTF-8"?>
<!-- Generated by org.testng.reporters.JUnitReportReporter -->
<testsuite hostname="LAPTOP-A39R353N" failures="0" tests="2" name="com.entrata.testcases.Test2" time="11.732" errors="0" timestamp="2025-06-09T01:03:36 IST" skipped="0">
  <testcase classname="com.entrata.testcases.Test2" name="testForinteractingwithInputBox" time="5.675"/>
  <testcase classname="com.entrata.testcases.Test2" name="testForinteractingWithDropDown" time="6.057"/>
</testsuite> <!-- com.entrata.testcases.Test2 -->
